TN:
SF:client/src/components/app.jsx
FN:10,(anonymous_0)
FN:34,(anonymous_1)
FN:37,(anonymous_2)
FN:43,(anonymous_3)
FN:49,(anonymous_4)
FNF:5
FNH:4
FNDA:2,(anonymous_0)
FNDA:2,(anonymous_1)
FNDA:2,(anonymous_2)
FNDA:0,(anonymous_3)
FNDA:4,(anonymous_4)
DA:11,2
DA:12,2
DA:35,2
DA:36,2
DA:39,2
DA:40,2
DA:41,2
DA:45,0
DA:50,4
LF:9
LH:8
BRF:0
BRH:0
end_of_record
TN:
SF:client/src/components/productDetails.jsx
FN:4,(anonymous_0)
FNF:1
FNH:1
FNDA:6,(anonymous_0)
DA:6,6
DA:7,6
DA:8,6
DA:9,6
DA:10,6
DA:11,6
DA:12,6
DA:13,6
DA:16,6
DA:17,0
DA:24,6
DA:25,0
DA:32,6
DA:33,5
DA:40,6
DA:41,0
DA:48,6
DA:49,0
DA:56,6
DA:57,0
DA:64,6
DA:65,0
DA:72,6
DA:73,0
DA:79,6
DA:81,6
DA:82,6
DA:87,6
LF:28
LH:21
BRDA:16,0,0,0
BRDA:16,0,1,6
BRDA:24,1,0,0
BRDA:24,1,1,6
BRDA:24,2,0,6
BRDA:24,2,1,6
BRDA:32,3,0,5
BRDA:32,3,1,1
BRDA:32,4,0,6
BRDA:32,4,1,6
BRDA:40,5,0,0
BRDA:40,5,1,6
BRDA:40,6,0,6
BRDA:40,6,1,1
BRDA:48,7,0,0
BRDA:48,7,1,6
BRDA:48,8,0,6
BRDA:48,8,1,5
BRDA:56,9,0,0
BRDA:56,9,1,6
BRDA:64,10,0,0
BRDA:64,10,1,6
BRDA:64,11,0,6
BRDA:64,11,1,1
BRDA:72,12,0,0
BRDA:72,12,1,6
BRF:26
BRH:19
end_of_record
TN:
SF:client/src/components/tab.jsx
FN:5,(anonymous_0)
FN:11,(anonymous_1)
FN:15,(anonymous_2)
FNF:3
FNH:3
FNDA:8,(anonymous_0)
FNDA:1,(anonymous_1)
FNDA:12,(anonymous_2)
DA:6,8
DA:8,8
DA:12,1
DA:17,12
DA:19,12
DA:20,6
DA:23,12
LF:7
LH:7
BRDA:19,0,0,6
BRDA:19,0,1,6
BRF:2
BRH:2
end_of_record
TN:
SF:client/src/components/tabs.jsx
FN:6,(anonymous_0)
FN:18,(anonymous_1)
FN:21,(anonymous_2)
FN:27,(anonymous_3)
FN:42,(anonymous_4)
FNF:5
FNH:5
FNDA:4,(anonymous_0)
FNDA:1,(anonymous_1)
FNDA:6,(anonymous_2)
FNDA:12,(anonymous_3)
FNDA:12,(anonymous_4)
DA:7,4
DA:9,4
DA:14,4
DA:19,1
DA:23,6
DA:28,12
DA:30,12
DA:43,12
DA:44,6
LF:9
LH:9
BRDA:43,0,0,6
BRDA:43,0,1,6
BRF:2
BRH:2
end_of_record
TN:
SF:db/index.js
FN:8,(anonymous_0)
FNF:1
FNH:1
FNDA:1,(anonymous_0)
DA:2,1
DA:4,1
DA:6,1
DA:7,1
DA:8,1
DA:9,1
DA:12,1
DA:33,1
DA:42,1
LF:9
LH:9
BRF:0
BRH:0
end_of_record
TN:
SF:server/app.js
FN:13,(anonymous_0)
FN:17,(anonymous_1)
FN:25,(anonymous_2)
FN:31,(anonymous_3)
FN:35,(anonymous_4)
FN:40,(anonymous_5)
FN:44,(anonymous_6)
FN:52,(anonymous_7)
FNF:8
FNH:6
FNDA:1,(anonymous_0)
FNDA:1,(anonymous_1)
FNDA:0,(anonymous_2)
FNDA:1,(anonymous_3)
FNDA:1,(anonymous_4)
FNDA:1,(anonymous_5)
FNDA:1,(anonymous_6)
FNDA:0,(anonymous_7)
DA:2,1
DA:3,1
DA:4,1
DA:5,1
DA:6,1
DA:8,1
DA:9,1
DA:13,1
DA:14,1
DA:15,1
DA:18,1
DA:19,1
DA:20,0
DA:22,1
DA:26,0
DA:27,0
DA:31,1
DA:32,1
DA:35,1
DA:36,1
DA:40,1
DA:42,1
DA:45,1
DA:46,1
DA:47,0
DA:49,1
DA:53,0
DA:54,0
DA:57,1
DA:62,1
LF:30
LH:24
BRDA:19,0,0,0
BRDA:19,0,1,1
BRDA:46,1,0,0
BRDA:46,1,1,1
BRF:4
BRH:2
end_of_record
